#
# A fatal error has been detected by the Java Runtime Environment:
#
#  Internal Error (javaClasses.cpp:136), pid=4840, tid=4788
#  fatal error: Invalid layout of preloaded class
#
# JRE version:  (7.0_51-b13) (build )
# Java VM: Java HotSpot(TM) 64-Bit Server VM (24.51-b03 mixed mode windows-amd64 compressed oops)
# Failed to write core dump. Minidumps are not enabled by default on client versions of Windows
#
# If you would like to submit a bug report, please visit:
#   http://bugreport.sun.com/bugreport/crash.jsp
#

---------------  T H R E A D  ---------------

Current thread (0x000000000262e800):  JavaThread "Unknown thread" [_thread_in_vm, id=4788, stack(0x0000000002760000,0x0000000002860000)]

Stack: [0x0000000002760000,0x0000000002860000]

---------------  P R O C E S S  ---------------

Java Threads: ( => current thread )

Other Threads:

=>0x000000000262e800 (exited) JavaThread "Unknown thread" [_thread_in_vm, id=4788, stack(0x0000000002760000,0x0000000002860000)]

VM state:not at safepoint (not fully initialized)

VM Mutex/Monitor currently owned by a thread: None

GC Heap History (0 events):
No events

Deoptimization events (0 events):
No events

Internal exceptions (0 events):
No events

Events (10 events):
Event: 0.022 loading class 0x000000000268f290 done
Event: 0.023 loading class 0x000000000268ecb0 done
Event: 0.023 loading class 0x000000000268ec90
Event: 0.023 loading class 0x0000000002696d90
Event: 0.023 loading class 0x0000000002696d90 done
Event: 0.023 loading class 0x0000000002696dc0
Event: 0.023 loading class 0x0000000002696dc0 done
Event: 0.023 loading class 0x0000000002696df0
Event: 0.023 loading class 0x0000000002696df0 done
Event: 0.023 loading class 0x000000000268ec90 done


Dynamic libraries:
0x000000013f210000 - 0x000000013f243000 	C:\Java\jre7\bin\javaw.exe
0x0000000076f60000 - 0x0000000077109000 	C:\Windows\SYSTEM32\ntdll.dll
0x0000000076d40000 - 0x0000000076e5f000 	C:\Windows\system32\kernel32.dll
0x000007fefcfe0000 - 0x000007fefd04b000 	C:\Windows\system32\KERNELBASE.dll
0x000007fefec80000 - 0x000007fefed5b000 	C:\Windows\system32\ADVAPI32.dll
0x000007feff1d0000 - 0x000007feff26f000 	C:\Windows\system32\msvcrt.dll
0x000007fefed60000 - 0x000007fefed7f000 	C:\Windows\SYSTEM32\sechost.dll
0x000007fefeb50000 - 0x000007fefec7d000 	C:\Windows\system32\RPCRT4.dll
0x0000000076e60000 - 0x0000000076f5a000 	C:\Windows\system32\USER32.dll
0x000007fefef10000 - 0x000007fefef77000 	C:\Windows\system32\GDI32.dll
0x000007feff1c0000 - 0x000007feff1ce000 	C:\Windows\system32\LPK.dll
0x000007fefed80000 - 0x000007fefee49000 	C:\Windows\system32\USP10.dll
0x000007fefb260000 - 0x000007fefb454000 	C:\Windows\WinSxS\amd64_microsoft.windows.common-controls_6595b64144ccf1df_6.0.7601.17514_none_fa396087175ac9ac\COMCTL32.dll
0x000007fefee50000 - 0x000007fefeec1000 	C:\Windows\system32\SHLWAPI.dll
0x000007fefeee0000 - 0x000007fefef0e000 	C:\Windows\system32\IMM32.DLL
0x000007fefef80000 - 0x000007feff089000 	C:\Windows\system32\MSCTF.dll
0x0000000051e80000 - 0x0000000051f52000 	C:\Java\jre7\bin\msvcr100.dll
0x000000006df30000 - 0x000000006e6f9000 	C:\Java\jre7\bin\server\jvm.dll
0x000007fef9e70000 - 0x000007fef9e79000 	C:\Windows\system32\WSOCK32.dll
0x000007fefeb00000 - 0x000007fefeb4d000 	C:\Windows\system32\WS2_32.dll
0x000007fefeed0000 - 0x000007fefeed8000 	C:\Windows\system32\NSI.dll
0x000007fef9ca0000 - 0x000007fef9cdb000 	C:\Windows\system32\WINMM.dll
0x0000000077120000 - 0x0000000077127000 	C:\Windows\system32\PSAPI.DLL
0x0000000063ab0000 - 0x0000000063abf000 	C:\Java\jre7\bin\verify.dll
0x0000000052440000 - 0x0000000052468000 	C:\Java\jre7\bin\java.dll
0x0000000066e80000 - 0x0000000066eb5000 	C:\Java\jre7\bin\jdwp.dll
0x0000000066e70000 - 0x0000000066e78000 	C:\Java\jre7\bin\npt.dll
0x00000000525f0000 - 0x0000000052605000 	C:\Java\jre7\bin\zip.dll

VM Arguments:
jvm_args: -agentlib:jdwp=transport=dt_socket,suspend=y,address=localhost:16268 -Dfile.encoding=GBK -Xbootclasspath:F:\workspace\adt-bundle-windows-x86_64-20131030\sdk\platforms\android-19\android.jar 
java_command: com.socogame.coolEdit.CoolEditData
Launcher Type: SUN_STANDARD

Environment Variables:
JAVA_HOME=C:\Java\jdk1.7.0_51
PATH=C:\Windows\system32;C:\Windows;C:\Windows\System32\Wbem;C:\Windows\System32\WindowsPowerShell\v1.0\;C:\Program Files\TortoiseSVN\bin;C:\Program Files (x86)\Windows Kits\8.0\Windows Performance Toolkit\;C:\Program Files\Microsoft SQL Server\110\Tools\Binn\;C:\Python27;C:\dev\android-ndk-r9c;F:\workspace\adt-bundle-windows-x86_64-20131030\sdk\platform-tools;C:\Java\jdk1.7.0_51\bin;C:\Program Files (x86)\GtkSharp\2.12\bin;C:\dev\cocos2d-x-3.2\tools\cocos2d-console\bin;;C:\Java\jdk1.7.0_51\jre\bin;C:\Java\jdk1.7.0_51\bin
USERNAME=zmz
OS=Windows_NT
PROCESSOR_IDENTIFIER=Intel64 Family 6 Model 23 Stepping 10, GenuineIntel



---------------  S Y S T E M  ---------------

OS: Windows 7 , 64 bit Build 7601 Service Pack 1

CPU:total 2 (2 cores per cpu, 1 threads per core) family 6 model 23 stepping 10, cmov, cx8, fxsr, mmx, sse, sse2, sse3, ssse3, sse4.1, tsc

Memory: 4k page, physical 8100564k(4014168k free), swap 16199268k(11195432k free)

vm_info: Java HotSpot(TM) 64-Bit Server VM (24.51-b03) for windows-amd64 JRE (1.7.0_51-b13), built on Dec 18 2013 18:40:56 by "java_re" with unknown MS VC++:1600

time: Fri Nov 14 11:24:46 2014
elapsed time: 0 seconds

